Change Component Designator: Old Designator=C1 New Designator=C4
Change Component Designator: Old Designator=C2 New Designator=C1
Change Component Designator: Old Designator=C3 New Designator=C2
Change Component Designator: Old Designator=C4 New Designator=C3
Change Component Designator: Old Designator=D2 New Designator=D6
Change Component Designator: Old Designator=D3 New Designator=D5
Change Component Designator: Old Designator=D4 New Designator=D7
Change Component Designator: Old Designator=D9 New Designator=D3
Change Component Designator: Old Designator=D10 New Designator=D4
Change Component Designator: Old Designator=D11 New Designator=D8
Change Component Designator: Old Designator=D? New Designator=D1
Change Component Designator: Old Designator=D? New Designator=D2
Change Component Designator: Old Designator=Q1 New Designator=Q3
Change Component Designator: Old Designator=Q2 New Designator=Q1
Change Component Designator: Old Designator=Q3 New Designator=Q2
Change Component Designator: Old Designator=R2 New Designator=R7
Change Component Designator: Old Designator=R3 New Designator=R5
Change Component Designator: Old Designator=R4 New Designator=R8
Change Component Designator: Old Designator=R5 New Designator=R4
Change Component Designator: Old Designator=R7 New Designator=R9
Change Component Designator: Old Designator=R8 New Designator=R11
Change Component Designator: Old Designator=R15 New Designator=R2
Change Component Designator: Old Designator=R16 New Designator=R3
Change Component Designator: Old Designator=R17 New Designator=R10
Change Component Designator: Old Designator=R18 New Designator=R12
Change Component Designator: Old Designator=U1 New Designator=U2
Change Component Designator: Old Designator=U2 New Designator=U1
