Removed Pin From Net: NetName=GND Pin=P3-1
Removed Pin From Net: NetName=3V3 Pin=P3-2
Removed Pin From Net: NetName=SCL Pin=P3-3
Removed Pin From Net: NetName=SDA Pin=P3-4
Removed Pin From Net: NetName=GND Pin=U4-5
Removed Pin From Net: NetName=GND Pin=U4-6
Removed Pin From Net: NetName=GND Pin=U4-7
Removed Pin From Net: NetName=GND Pin=U4-8
Removed Pin From Net: NetName=GND Pin=U4-9
Removed Pin From Net: NetName=GND Pin=U4-10
Removed Pin From Net: NetName=GND Pin=U4-11
Removed Pin From Net: NetName=GND Pin=U4-12
Add Pin To Net: Unknown Pin: Pin B1-0
Add Pin To Net: Unknown Pin: Pin B1-1
Added Pin To Net: NetName=SDA Pin=P3-1
Added Pin To Net: NetName=SCL Pin=P3-2
Added Pin To Net: NetName=3V3 Pin=P3-3
Added Pin To Net: NetName=GND Pin=P3-4
Add Class Member: Failed to add class member : Component B1 LiPo
Added Member To Class: ClassName=Display Member=Component P3 61300411121
