Removed Pin From Net: NetName=PA7 Pin=R15-1
Removed Pin From Net: NetName=PA6 Pin=R16-1
Removed Pin From Net: NetName=PA7 Pin=U4-1
Removed Pin From Net: NetName=PA6 Pin=U4-3
Removed Member From Class: ClassName=LiPo BMS Member=SW2
Removed Member From Class: ClassName=Microcontroller Member=SW5
Change Component Footprint: Designator=U5 Old Footprint=OLED Display Module New Footprint=Amazon OLED Display Module
Change Component Comment : Designator=U5 Old Comment=Amazon OLED Display Module New Comment=128x64 OLED
Add Pin To Net: Unknown Pin: Pin B1-0
Add Pin To Net: Unknown Pin: Pin B1-1
Added Pin To Net: NetName=PA6 Pin=R15-1
Added Pin To Net: NetName=PA7 Pin=R16-1
Added Pin To Net: NetName=PA6 Pin=U4-1
Added Pin To Net: NetName=PA7 Pin=U4-3
Add Class Member: Failed to add class member : Component B1 LiPo
Added Member To Class: ClassName=LiPo BMS Member=Component D3 150120GS75000
Added Member To Class: ClassName=LiPo BMS Member=Component R3 33kO
Added Member To Class: ClassName=LiPo BMS Member=Component SW1 450404015514
Added Member To Class: ClassName=Microcontroller Member=Component SW3 EVQ-9P701P
Added Member To Class: ClassName=Microcontroller Member=Component SW4 EVQ-9P701P
