Removed Pin From Net: NetName=3V3 Pin=SW1-L1
Removed Pin From Net: NetName=GND Pin=SW1-L2
Removed Pin From Net: NetName=PA3 Pin=SW3-2'
Removed Member From Class: ClassName=Microcontroller Member=SW1
Added Component: Designator=SW?(450404015514)
Add component (AddParameter): Name = "Contact Plating"; Value = "Silver"; VariantName = "[No Variations]"
Add component (AddParameter): Name = "Current Rating"; Value = "300mA"; VariantName = "[No Variations]"
Add component (AddParameter): Name = "Insulation Resistance"; Value = "100MO"; VariantName = "[No Variations]"
Add component (AddParameter): Name = "Max Operating Temperature"; Value = "85°C"; VariantName = "[No Variations]"
Add component (AddParameter): Name = "Min Operating Temperature"; Value = "-40°C"; VariantName = "[No Variations]"
Add component (AddParameter): Name = "NexarPartId"; Value = "99472344"; VariantName = "[No Variations]"
Add component (AddParameter): Name = "Packaging"; Value = "Tape and Reel"; VariantName = "[No Variations]"
Add component (AddParameter): Name = "RoHS"; Value = "Compliant"; VariantName = "[No Variations]"
Add component (AddParameter): Name = "Voltage Rating"; Value = "5V"; VariantName = "[No Variations]"
Add Pin To Net: Unknown Pin: Pin B1-0
Add Pin To Net: Unknown Pin: Pin B1-1
Added Pin To Net: NetName=PA4 Pin=R12-2
Added Pin To Net: NetName=PA2 Pin=SW3-2'
Added Pin To Net: NetName=PA2 Pin=SW?-COM
Added Pin To Net: NetName=3V3 Pin=SW?-L1
Added Pin To Net: NetName=GND Pin=SW?-L2
Add Class Member: Failed to add class member : Component B1 LiPo
Added Member To Class: ClassName=Microcontroller Member=Component SW? 450404015514
