Removed Pin From Net: NetName=3V3 Pin=P2-1
Removed Pin From Net: NetName=GND Pin=P2-2
Removed Member From Class: ClassName=LiPo BMS Member=P4
Removed Member From Class: ClassName=LiPo BMS Member=P5
Removed Member From Class: ClassName=Microcontroller Member=P5
Removed Member From Class: ClassName=RTC IC Member=R13
Add Pin To Net: Unknown Pin: Pin B1-0
Add Pin To Net: Unknown Pin: Pin B1-1
Add Class Member: Failed to add class member : Component B1 LiPo
Added Member To Class: ClassName=Microcontroller Member=Component D4 150120RS75000
Added Member To Class: ClassName=Microcontroller Member=Component D5 150120GS75000
Added Member To Class: ClassName=Microcontroller Member=Component D6 SS14-E3/61T
Added Member To Class: ClassName=Microcontroller Member=Component D7 150120GS75000
Added Member To Class: ClassName=Microcontroller Member=Component D8 150120BS75000
Added Member To Class: ClassName=LiPo BMS Member=Component P1 61300211121
Added Member To Class: ClassName=Microcontroller Member=Component P3 61300411121
Added Member To Class: ClassName=Microcontroller Member=Component R9 10kO
Added Member To Class: ClassName=Microcontroller Member=Component R10 10kO
Added Member To Class: ClassName=Microcontroller Member=Component R11 620O
Added Member To Class: ClassName=Microcontroller Member=Component R12 620O
Added Member To Class: ClassName=Microcontroller Member=Component R13 1kO
Added Member To Class: ClassName=Microcontroller Member=Component R14 1kO
Added Member To Class: ClassName=Microcontroller Member=Component R15 1kO
Added Member To Class: ClassName=RTC IC Member=Component R16 10kO
Added Member To Class: ClassName=RTC IC Member=Component R17 10kO
