Removed Pin From Net: NetName=BAT_VCC Pin=C1-2
Removed Pin From Net: NetName=3V3 Pin=C2-1
Removed Pin From Net: NetName=GND Pin=C3-2
Removed Pin From Net: NetName=GND Pin=C4-1
Removed Pin From Net: NetName=USB_VCC Pin=C4-2
Removed Pin From Net: NetName=BUCK_IN Pin=D1-1
Removed Pin From Net: NetName=EXT_5V0 Pin=D1-2
Removed Pin From Net: NetName=EXT_5V0 Pin=D3-2
Removed Pin From Net: NetName=EXT_5V0 Pin=D4-2
Removed Pin From Net: NetName=USB_VCC Pin=D5-2
Removed Pin From Net: NetName=USB_VCC Pin=D6-2
Removed Pin From Net: NetName=USB_VCC Pin=D7-2
Removed Pin From Net: NetName=STAT Pin=D8-2
Removed Pin From Net: NetName=NetD2_1 Pin=Q1-3
Removed Pin From Net: NetName=BUCK_IN Pin=Q2-2
Removed Pin From Net: NetName=BAT_VCC Pin=Q3-3
Removed Pin From Net: NetName=GND Pin=Q4-2
Removed Pin From Net: NetName=GND Pin=R4-2
Removed Pin From Net: NetName=GND Pin=R5-1
Removed Pin From Net: NetName=GND Pin=R7-1
Removed Pin From Net: NetName=PROG Pin=R7-2
Removed Pin From Net: NetName=STAT Pin=R8-1
Removed Pin From Net: NetName=3V3 Pin=R9-1
Removed Pin From Net: NetName=GND Pin=R11-1
Removed Pin From Net: NetName=GND Pin=R12-1
Removed Pin From Net: NetName=BUCK_IN Pin=U1-1
Removed Pin From Net: NetName=BUCK_IN Pin=U1-2
Removed Pin From Net: NetName=BUCK_IN Pin=U1-3
Removed Pin From Net: NetName=3V3 Pin=U1-5
Removed Pin From Net: NetName=3V3 Pin=U1-6
Removed Pin From Net: NetName=3V3 Pin=U1-7
Removed Pin From Net: NetName=GND Pin=U1-9
Removed Pin From Net: NetName=GND Pin=U1-10
Removed Pin From Net: NetName=STAT Pin=U2-1
Removed Pin From Net: NetName=GND Pin=U2-2
Removed Pin From Net: NetName=BAT_VCC Pin=U2-3
Removed Pin From Net: NetName=USB_VCC Pin=U2-4
Removed Pin From Net: NetName=PROG Pin=U2-5
Removed Member From Class: ClassName=RTC IC Member=R13
Change Component Footprint: Designator=C4 Old Footprint=CAPC1206(3216)190_L New Footprint=FP-C0805C-DG-MFG
Change Component Footprint: Designator=D1 Old Footprint=FP-95400-MFG New Footprint=FP-403AE-MFG
Change Component Footprint: Designator=D2 Old Footprint=FP-95400-MFG New Footprint=WL-SMCW_1206_150120xx75000
Change Component Footprint: Designator=U2 Old Footprint=FP-C04-091-OT-IPC_B New Footprint=SIL0010D-MFG
Change Component Footprint: Designator=C3 Old Footprint=FP-C0805C-DG-MFG New Footprint=FP-GRM033-0_03-IPC_A
Change Component Footprint: Designator=C2 Old Footprint=FP-GRM033-0_03-IPC_A New Footprint=CAPC1206(3216)190_L
Change Component Footprint: Designator=R7 Old Footprint=RESC3116X65X40LL10T20 New Footprint=FP-CRCW0402-e3-IPC_C
Change Component Footprint: Designator=R8 Old Footprint=RESC3116X65X40LL10T20 New Footprint=FP-CRCW0402-e3-IPC_C
Change Component Footprint: Designator=U1 Old Footprint=SIL0010D-MFG New Footprint=FP-C04-091-OT-IPC_B
Change Component Comment : Designator=R8 Old Comment=1kO New Comment=Rfbb
Change Component Comment : Designator=C4 Old Comment=4.7µF New Comment=Cout
Change Component Comment : Designator=R4 Old Comment=5.1kO New Comment=1kO
Change Component Comment : Designator=R5 Old Comment=10kO New Comment=5.1kO
Change Component Comment : Designator=R2 Old Comment=10kO New Comment=33kO
Change Component Comment : Designator=R7 Old Comment=33kO New Comment=Rpg
Change Component Comment : Designator=C2 Old Comment=Cff New Comment=4.7µF
Change Component Comment : Designator=C3 Old Comment=Cout New Comment=Cff
Change Component Comment : Designator=U2 Old Comment=MCP73831T-2ACI/OT New Comment=TPSM82823SILR
Change Component Comment : Designator=D2 Old Comment=SS14-E3/61T New Comment=150120GS75000
Change Component Comment : Designator=D1 Old Comment=SS14-E3/61T New Comment=SS14
Change Component Comment : Designator=U1 Old Comment=TPSM82823SILR New Comment=MCP73831T-2ACI/OT
Change Component Designator: OldDesignator=D9 NewDesignator=D4
Change Component Designator: OldDesignator=D10 NewDesignator=D5
Change Component Designator: OldDesignator=D11 NewDesignator=D6
Change Component Designator: OldDesignator=D12 NewDesignator=D7
Change Component Designator: OldDesignator=D13 NewDesignator=D8
Change Component Designator: OldDesignator=P1 NewDesignator=P3
Change Component Designator: OldDesignator=P2 NewDesignator=P4
Change Component Designator: OldDesignator=P3 NewDesignator=P5
Change Component Designator: OldDesignator=R13 NewDesignator=R9
Change Component Designator: OldDesignator=R14 NewDesignator=R10
Change Component Designator: OldDesignator=R15 NewDesignator=R11
Change Component Designator: OldDesignator=R16 NewDesignator=R12
Change Component Designator: OldDesignator=R17 NewDesignator=R13
Change Component Designator: OldDesignator=R18 NewDesignator=R14
Change Component Designator: OldDesignator=R19 NewDesignator=R15
Change Component Designator: OldDesignator=R20 NewDesignator=R16
Change Component Designator: OldDesignator=R21 NewDesignator=R17
Added Component: Designator=P1(61300211121)
Add component (AddParameter): Name = "Color"; Value = "Black"; VariantName = "[No Variations]"
Add component (AddParameter): Name = "Connector Type"; Value = "Male Pin"; VariantName = "[No Variations]"
Add component (AddParameter): Name = "Contact Gender"; Value = "Male"; VariantName = "[No Variations]"
Add component (AddParameter): Name = "Contact Material"; Value = "Copper"; VariantName = "[No Variations]"
Add component (AddParameter): Name = "Contact Mating Length"; Value = "5.9944mm"; VariantName = "[No Variations]"
Add component (AddParameter): Name = "Contact Plating"; Value = "Gold"; VariantName = "[No Variations]"
Add component (AddParameter): Name = "Contact Resistance"; Value = "20mO"; VariantName = "[No Variations]"
Add component (AddParameter): Name = "Current Rating"; Value = "3A"; VariantName = "[No Variations]"
Add component (AddParameter): Name = "Gender"; Value = "Male"; VariantName = "[No Variations]"
Add component (AddParameter): Name = "Height"; Value = "8.94mm"; VariantName = "[No Variations]"
Add component (AddParameter): Name = "Housing Material"; Value = "PBT"; VariantName = "[No Variations]"
Add component (AddParameter): Name = "Lead Free"; Value = "Lead Free"; VariantName = "[No Variations]"
Add component (AddParameter): Name = "Lead Pitch"; Value = "2.54mm"; VariantName = "[No Variations]"
Add component (AddParameter): Name = "Max Operating Temperature"; Value = "125°C"; VariantName = "[No Variations]"
Add component (AddParameter): Name = "Min Operating Temperature"; Value = "-40°C"; VariantName = "[No Variations]"
Add component (AddParameter): Name = "Mount"; Value = "Through Hole"; VariantName = "[No Variations]"
Add component (AddParameter): Name = "NexarPartId"; Value = "20081794"; VariantName = "[No Variations]"
Add component (AddParameter): Name = "Number of Contacts"; Value = "2"; VariantName = "[No Variations]"
Add component (AddParameter): Name = "Number of Pins"; Value = "2"; VariantName = "[No Variations]"
Add component (AddParameter): Name = "Number of Positions"; Value = "2"; VariantName = "[No Variations]"
Add component (AddParameter): Name = "Number of Rows"; Value = "1"; VariantName = "[No Variations]"
Add component (AddParameter): Name = "Operating Supply Voltage"; Value = "250V"; VariantName = "[No Variations]"
Add component (AddParameter): Name = "Orientation"; Value = "Vertical"; VariantName = "[No Variations]"
Add component (AddParameter): Name = "Packaging"; Value = "Bulk"; VariantName = "[No Variations]"
Add component (AddParameter): Name = "Pitch"; Value = "2.54mm"; VariantName = "[No Variations]"
Add component (AddParameter): Name = "REACH SVHC"; Value = "No SVHC"; VariantName = "[No Variations]"
Add component (AddParameter): Name = "RoHS"; Value = "Compliant"; VariantName = "[No Variations]"
Add component (AddParameter): Name = "Termination"; Value = "Through Hole"; VariantName = "[No Variations]"
Add component (AddParameter): Name = "Voltage Rating"; Value = "250V"; VariantName = "[No Variations]"
Added Component: Designator=P2(61300211121)
Add component (AddParameter): Name = "Color"; Value = "Black"; VariantName = "[No Variations]"
Add component (AddParameter): Name = "Connector Type"; Value = "Male Pin"; VariantName = "[No Variations]"
Add component (AddParameter): Name = "Contact Gender"; Value = "Male"; VariantName = "[No Variations]"
Add component (AddParameter): Name = "Contact Material"; Value = "Copper"; VariantName = "[No Variations]"
Add component (AddParameter): Name = "Contact Mating Length"; Value = "5.9944mm"; VariantName = "[No Variations]"
Add component (AddParameter): Name = "Contact Plating"; Value = "Gold"; VariantName = "[No Variations]"
Add component (AddParameter): Name = "Contact Resistance"; Value = "20mO"; VariantName = "[No Variations]"
Add component (AddParameter): Name = "Current Rating"; Value = "3A"; VariantName = "[No Variations]"
Add component (AddParameter): Name = "Gender"; Value = "Male"; VariantName = "[No Variations]"
Add component (AddParameter): Name = "Height"; Value = "8.94mm"; VariantName = "[No Variations]"
Add component (AddParameter): Name = "Housing Material"; Value = "PBT"; VariantName = "[No Variations]"
Add component (AddParameter): Name = "Lead Free"; Value = "Lead Free"; VariantName = "[No Variations]"
Add component (AddParameter): Name = "Lead Pitch"; Value = "2.54mm"; VariantName = "[No Variations]"
Add component (AddParameter): Name = "Max Operating Temperature"; Value = "125°C"; VariantName = "[No Variations]"
Add component (AddParameter): Name = "Min Operating Temperature"; Value = "-40°C"; VariantName = "[No Variations]"
Add component (AddParameter): Name = "Mount"; Value = "Through Hole"; VariantName = "[No Variations]"
Add component (AddParameter): Name = "NexarPartId"; Value = "20081794"; VariantName = "[No Variations]"
Add component (AddParameter): Name = "Number of Contacts"; Value = "2"; VariantName = "[No Variations]"
Add component (AddParameter): Name = "Number of Pins"; Value = "2"; VariantName = "[No Variations]"
Add component (AddParameter): Name = "Number of Positions"; Value = "2"; VariantName = "[No Variations]"
Add component (AddParameter): Name = "Number of Rows"; Value = "1"; VariantName = "[No Variations]"
Add component (AddParameter): Name = "Operating Supply Voltage"; Value = "250V"; VariantName = "[No Variations]"
Add component (AddParameter): Name = "Orientation"; Value = "Vertical"; VariantName = "[No Variations]"
Add component (AddParameter): Name = "Packaging"; Value = "Bulk"; VariantName = "[No Variations]"
Add component (AddParameter): Name = "Pitch"; Value = "2.54mm"; VariantName = "[No Variations]"
Add component (AddParameter): Name = "REACH SVHC"; Value = "No SVHC"; VariantName = "[No Variations]"
Add component (AddParameter): Name = "RoHS"; Value = "Compliant"; VariantName = "[No Variations]"
Add component (AddParameter): Name = "Termination"; Value = "Through Hole"; VariantName = "[No Variations]"
Add component (AddParameter): Name = "Voltage Rating"; Value = "250V"; VariantName = "[No Variations]"
Add Pin To Net: Unknown Pin: Pin B1-0
Add Pin To Net: Unknown Pin: Pin B1-1
Added Pin To Net: NetName=USB_VCC Pin=C1-2
Added Pin To Net: NetName=GND Pin=C2-1
Added Pin To Net: NetName=BAT_VCC Pin=C2-2
Added Pin To Net: NetName=3V3 Pin=C4-1
Added Pin To Net: NetName=GND Pin=C4-2
Added Pin To Net: NetName=USB_VCC Pin=D1-1
Added Pin To Net: NetName=BUCK_IN Pin=D1-2
Added Pin To Net: NetName=USB_VCC Pin=D3-2
Added Pin To Net: NetName=BAT_VCC Pin=P1-1
Added Pin To Net: NetName=GND Pin=P1-2
Added Pin To Net: NetName=3V3 Pin=P2-1
Added Pin To Net: NetName=GND Pin=P2-2
Added Pin To Net: NetName=BAT_VCC Pin=Q1-3
Added Pin To Net: NetName=PROG Pin=R2-2
Added Pin To Net: NetName=STAT Pin=R4-1
Added Pin To Net: NetName=NetD2_1 Pin=R4-2
Added Pin To Net: NetName=GND Pin=R5-2
Added Pin To Net: NetName=3V3 Pin=R7-1
Added Pin To Net: NetName=GND Pin=R8-1
Added Pin To Net: NetName=STAT Pin=U1-1
Added Pin To Net: NetName=GND Pin=U1-2
Added Pin To Net: NetName=BAT_VCC Pin=U1-3
Added Pin To Net: NetName=USB_VCC Pin=U1-4
Added Pin To Net: NetName=PROG Pin=U1-5
Added Pin To Net: NetName=BUCK_IN Pin=U2-1
Added Pin To Net: NetName=BUCK_IN Pin=U2-2
Added Pin To Net: NetName=BUCK_IN Pin=U2-3
Added Pin To Net: NetName=3V3 Pin=U2-5
Added Pin To Net: NetName=3V3 Pin=U2-6
Added Pin To Net: NetName=3V3 Pin=U2-7
Added Pin To Net: NetName=GND Pin=U2-9
Added Pin To Net: NetName=GND Pin=U2-10
Change Net Name : Old Net Name=CC1 New Net Name=NetJ1_A5
Change Net Name : Old Net Name=NetD9_1 New Net Name=NetD4_1
Change Net Name : Old Net Name=NetD10_1 New Net Name=NetD5_1
Change Net Name : Old Net Name=NetD12_1 New Net Name=NetD7_1
Change Net Name : Old Net Name=NetD13_1 New Net Name=NetD8_1
Change Net Name : Old Net Name=NetP2_2 New Net Name=NetP4_2
Change Net Name : Old Net Name=NetR16_2 New Net Name=NetR12_2
Added Pin To Net: NetName=NetC3_2 Pin=C3-2
Added Pin To Net: NetName=NetC3_2 Pin=R6-1
Added Pin To Net: NetName=NetC3_2 Pin=R8-2
Added Pin To Net: NetName=NetC3_2 Pin=U2-8
Added Net: Name=NetC3_2
Added Pin To Net: NetName=NetD3_1 Pin=D3-1
Added Pin To Net: NetName=NetD3_1 Pin=Q1-1
Added Pin To Net: NetName=NetD3_1 Pin=R3-2
Added Net: Name=NetD3_1
Added Pin To Net: NetName=NetJ1_B5 Pin=J1-B5
Added Pin To Net: NetName=NetJ1_B5 Pin=R5-1
Added Net: Name=NetJ1_B5
Added Pin To Net: NetName=NetR7_2 Pin=R7-2
Added Pin To Net: NetName=NetR7_2 Pin=U2-4
Added Net: Name=NetR7_2
Add Class Member: Failed to add class member : Component B1 LiPo
Added Member To Class: ClassName=Microcontroller Member=Component D4 150120RS75000
Added Member To Class: ClassName=Microcontroller Member=Component D5 150120GS75000
Added Member To Class: ClassName=Microcontroller Member=Component D6 SS14-E3/61T
Added Member To Class: ClassName=Microcontroller Member=Component D7 150120GS75000
Added Member To Class: ClassName=Microcontroller Member=Component D8 150120BS75000
Added Member To Class: ClassName=LiPo BMS Member=Component P1 61300211121
Added Member To Class: ClassName=LiPo BMS Member=Component P2 61300211121
Added Member To Class: ClassName=Microcontroller Member=Component P3 61300411121
Added Member To Class: ClassName=Microcontroller Member=Component P4 61300311121
Added Member To Class: ClassName=Display Member=Component P5 61300411121
Added Member To Class: ClassName=Microcontroller Member=Component R9 10kO
Added Member To Class: ClassName=Microcontroller Member=Component R12 620O
Added Member To Class: ClassName=Microcontroller Member=Component R13 1kO
Added Member To Class: ClassName=Microcontroller Member=Component R14 1kO
Added Member To Class: ClassName=Microcontroller Member=Component R15 1kO
Added Member To Class: ClassName=RTC IC Member=Component R16 10kO
Added Member To Class: ClassName=RTC IC Member=Component R17 10kO
